░░░░░░░░░░░░░░░░░░░░░░░░░░░░░░░░░░░░░░░░░░░░░░░░░░░░░░░░░░░                            
░░█████╗░██████╗░███████╗███╗░░██╗░██████╗███████╗░██████╗░ Subway Environment Simulation           
░██╔══██╗██╔══██╗██╔════╝████╗░██║██╔════╝██╔════╝██╔════╝░                            
░██║░░██║██████╔╝█████╗░░██╔██╗██║╚█████╗░█████╗░░╚█████╗░░                                           
░██║░░██║██╔═══╝░██╔══╝░░██║╚████║░╚═══██╗██╔══╝░░░╚═══██╗░                               
░╚█████╔╝██║░░░░░███████╗██║░╚███║██████╔╝███████╗██████╔╝░                                                     
░░╚════╝░╚═╝░░░░░╚══════╝╚═╝░░╚══╝╚═════╝░╚══════╝╚═════╝░░                         
░░░░░░░░░░░░░░░░░░░░░░░░░░░░░░░░░░░░░░░░░░░░░░░░░░░░░░░░░░░                                              
OpenSES, 4.2     , 13 November 2022

Copyright (c) 2021-2022, Engineers of the OpenSES Agreement.  All rights reserved. 

BSD 3-Clause License. Redistribution and use in source and binary forms, with or without modification, are permitted
provided that the following conditions are met:

1. Redistributions of source code must retain the above copyright notice, this list of conditions and the following
disclaimer.

2. Redistributions in binary form must reproduce the above copyright notice, this list of conditions and the following
disclaimer in the documentation and/or other materials provided with the distribution.

3. Neither the name of the copyright holder nor the names of its contributors may be used to endorse or promote products
derived from this software without specific prior written permission.

THIS SOFTWARE IS PROVIDED BY THE COPYRIGHT HOLDERS AND CONTRIBUTORS "AS IS"  AND ANY EXPRESS OR IMPLIED WARRANTIES,
INCLUDING, BUT NOT LIMITED TO, THE  IMPLIED WARRANTIES OF MERCHANTABILITY AND FITNESS FOR A PARTICULAR PURPOSE ARE
DISCLAIMED. IN NO EVENT SHALL THE COPYRIGHT HOLDER OR CONTRIBUTORS BE LIABLE  FOR ANY DIRECT, INDIRECT, INCIDENTAL,
SPECIAL, EXEMPLARY, OR CONSEQUENTIAL  DAMAGES (INCLUDING, BUT NOT LIMITED TO, PROCUREMENT OF SUBSTITUTE GOODS OR  SERVICES;
LOSS OF USE, DATA, OR PROFITS; OR BUSINESS INTERRUPTION) HOWEVER  CAUSED AND ON ANY THEORY OF LIABILITY, WHETHER IN
CONTRACT, STRICT LIABILITY,  OR TORT (INCLUDING NEGLIGENCE OR OTHERWISE) ARISING IN ANY WAY OUT OF THE USE  OF THIS
SOFTWARE, EVEN IF ADVISED OF THE POSSIBILITY OF SUCH DAMAGE.
██████████████████████████████████████████████████████████████████████████████████████████████████████████████████████████

Simulation started at:  13 NOV 2022 10:49:54


OpenSES file for triggering error messages.                                     
This file does not have an OpenSES version number in form 1B between the 31st   
and 40th characters, that string slice is blank.                                
DESIGN TIME 1700 HRS   JULY       2022
 
 
 
 
 
 
 
 
 
 
 
 
 
 
 
 
 
 
 
 
 
 
4.2     

*ERROR* TYPE 1001                    ******************************
Failed to find an input file version number in the file.  Are
you sure this is an input file for OpenSES?  Such files ought
to have a number between 4.1 and 4.2 as a fourth entry in
form 1B (after the year).
> 17.       7         2022
Faulty file is "fault-1001-GetVersion.SES".
