░░░░░░░░░░░░░░░░░░░░░░░░░░░░░░░░░░░░░░░░░░░░░░░░░░░░░░░░░░░                            
░░█████╗░██████╗░███████╗███╗░░██╗░██████╗███████╗░██████╗░ Subway Environment Simulation           
░██╔══██╗██╔══██╗██╔════╝████╗░██║██╔════╝██╔════╝██╔════╝░                            
░██║░░██║██████╔╝█████╗░░██╔██╗██║╚█████╗░█████╗░░╚█████╗░░                                           
░██║░░██║██╔═══╝░██╔══╝░░██║╚████║░╚═══██╗██╔══╝░░░╚═══██╗░                               
░╚█████╔╝██║░░░░░███████╗██║░╚███║██████╔╝███████╗██████╔╝░                                                     
░░╚════╝░╚═╝░░░░░╚══════╝╚═╝░░╚══╝╚═════╝░╚══════╝╚═════╝░░                         
░░░░░░░░░░░░░░░░░░░░░░░░░░░░░░░░░░░░░░░░░░░░░░░░░░░░░░░░░░░                                              
OpenSES, 4.2     , 13 November 2022

Copyright (c) 2021-2022, Engineers of the OpenSES Agreement.  All rights reserved. 

BSD 3-Clause License. Redistribution and use in source and binary forms, with or without modification, are permitted
provided that the following conditions are met:

1. Redistributions of source code must retain the above copyright notice, this list of conditions and the following
disclaimer.

2. Redistributions in binary form must reproduce the above copyright notice, this list of conditions and the following
disclaimer in the documentation and/or other materials provided with the distribution.

3. Neither the name of the copyright holder nor the names of its contributors may be used to endorse or promote products
derived from this software without specific prior written permission.

THIS SOFTWARE IS PROVIDED BY THE COPYRIGHT HOLDERS AND CONTRIBUTORS "AS IS"  AND ANY EXPRESS OR IMPLIED WARRANTIES,
INCLUDING, BUT NOT LIMITED TO, THE  IMPLIED WARRANTIES OF MERCHANTABILITY AND FITNESS FOR A PARTICULAR PURPOSE ARE
DISCLAIMED. IN NO EVENT SHALL THE COPYRIGHT HOLDER OR CONTRIBUTORS BE LIABLE  FOR ANY DIRECT, INDIRECT, INCIDENTAL,
SPECIAL, EXEMPLARY, OR CONSEQUENTIAL  DAMAGES (INCLUDING, BUT NOT LIMITED TO, PROCUREMENT OF SUBSTITUTE GOODS OR  SERVICES;
LOSS OF USE, DATA, OR PROFITS; OR BUSINESS INTERRUPTION) HOWEVER  CAUSED AND ON ANY THEORY OF LIABILITY, WHETHER IN
CONTRACT, STRICT LIABILITY,  OR TORT (INCLUDING NEGLIGENCE OR OTHERWISE) ARISING IN ANY WAY OUT OF THE USE  OF THIS
SOFTWARE, EVEN IF ADVISED OF THE POSSIBILITY OF SUCH DAMAGE.
██████████████████████████████████████████████████████████████████████████████████████████████████████████████████████████

Simulation started at:  13 NOV 2022 09:54:03


OpenSES file for triggering error messages.                                     
This file has an OpenSES version number in form 1B between the 31st and         
40th characters but the version number is too high.                             
DESIGN TIME 1700 HRS   JULY       2022
 
 
 
 
 
 
 
 
 
 
 
 
 
 
 
 
 
 
 
 
 
 
4.2     

*ERROR* TYPE 1004                    ******************************
Found an input file version number that was higher than this
version of OpenSES can handle (this is OpenSES v4.2, the file
can only be run in v99.9 or higher).  Please either use a newer
version of OpenSES or edit the file to reduce the input file
version to between 4.1 and 4.2.
> 17.       7         2022      99.9
Faulty file is "fault-1004-GetVersion.INP".
